2018-05-19 16:16:44,879  WARN [main] JDBC2L27 - ORA-00900: invalid SQL statement
42000900
2018-05-19 16:20:06,700 ERROR [main] JDBC2L27 - ORA-00900: invalid SQL statement
42000900
2018-05-19 16:25:18,943 ERROR [main] JDBC2L27 - ORA-00900: invalid SQL statement
42000900
2018-05-19 16:31:52,491 ERROR [main] JDBC2L27 - ORA-00900: invalid SQL statement
42000900
2018-05-19 16:40:28,403 ERROR [main] JDBC2L32 - ORA-00900: invalid SQL statement
42000900
2018-05-19 16:45:48,282 ERROR [main] JDBC2L42 - ORA-00900: invalid SQL statement
42000900
2018-05-19 16:48:23,499 ERROR [main] JDBC2L44 - ORA-00900: invalid SQL statement
42000900
2018-05-19 16:50:55,439 ERROR [main] JDBC2L39 - ORA-00900: invalid SQL statement
42000900
2018-05-19 16:53:54,398 ERROR [main] JDBC2L36 - ORA-00900: invalid SQL statement
42000900
2018-05-20 18:16:54,088 ERROR [main] JDBC2L36 - IO Error: The Network Adapter could not establish the connection0800617002
2018-05-21 20:01:18,826 ERROR [main] JDBC2L36 - ORA-00900: invalid SQL statement
42000900
2018-05-26 13:14:43,691 ERROR [main] GetRequestDemoL27 - 
